This is pdfTeX, Version 3.14159265-2.6-1.40.20 (TeX Live 2019/Debian) (preloaded format=pdflatex 2021.3.11)  24 JUN 2021 07:50
entering extended mode
 restricted \write18 enabled.
 %&-line parsing enabled.
**ed_fig_1_knit.tex
(./ed_fig_1_knit.tex
LaTeX2e <2020-02-02> patch level 2
L3 programming layer <2020-02-14> (/usr/share/texlive/texmf-dist/tex/latex/base
/article.cls
Document Class: article 2019/12/20 v1.4l Standard LaTeX document class
(/usr/share/texlive/texmf-dist/tex/latex/base/size10.clo
File: size10.clo 2019/12/20 v1.4l Standard LaTeX file (size option)
)
\c@part=\count167
\c@section=\count168
\c@subsection=\count169
\c@subsubsection=\count170
\c@paragraph=\count171
\c@subparagraph=\count172
\c@figure=\count173
\c@table=\count174
\abovecaptionskip=\skip47
\belowcaptionskip=\skip48
\bibindent=\dimen134
) (/usr/share/texlive/texmf-dist/tex/latex/amsmath/amsmath.sty
Package: amsmath 2020/01/20 v2.17e AMS math features
\@mathmargin=\skip49
For additional information on amsmath, use the `?' option.
(/usr/share/texlive/texmf-dist/tex/latex/amsmath/amstext.sty
Package: amstext 2000/06/29 v2.01 AMS text
(/usr/share/texlive/texmf-dist/tex/latex/amsmath/amsgen.sty
File: amsgen.sty 1999/11/30 v2.0 generic functions
\@emptytoks=\toks14
\ex@=\dimen135
)) (/usr/share/texlive/texmf-dist/tex/latex/amsmath/amsbsy.sty
Package: amsbsy 1999/11/29 v1.2d Bold Symbols
\pmbraise@=\dimen136
) (/usr/share/texlive/texmf-dist/tex/latex/amsmath/amsopn.sty
Package: amsopn 2016/03/08 v2.02 operator names
)
\inf@bad=\count175
LaTeX Info: Redefining \frac on input line 227.
\uproot@=\count176
\leftroot@=\count177
LaTeX Info: Redefining \overline on input line 389.
\classnum@=\count178
\DOTSCASE@=\count179
LaTeX Info: Redefining \ldots on input line 486.
LaTeX Info: Redefining \dots on input line 489.
LaTeX Info: Redefining \cdots on input line 610.
\Mathstrutbox@=\box45
\strutbox@=\box46
\big@size=\dimen137
LaTeX Font Info:    Redeclaring font encoding OML on input line 733.
LaTeX Font Info:    Redeclaring font encoding OMS on input line 734.
\macc@depth=\count180
\c@MaxMatrixCols=\count181
\dotsspace@=\muskip16
\c@parentequation=\count182
\dspbrk@lvl=\count183
\tag@help=\toks15
\row@=\count184
\column@=\count185
\maxfields@=\count186
\andhelp@=\toks16
\eqnshift@=\dimen138
\alignsep@=\dimen139
\tagshift@=\dimen140
\tagwidth@=\dimen141
\totwidth@=\dimen142
\lineht@=\dimen143
\@envbody=\toks17
\multlinegap=\skip50
\multlinetaggap=\skip51
\mathdisplay@stack=\toks18
LaTeX Info: Redefining \[ on input line 2859.
LaTeX Info: Redefining \] on input line 2860.
) (/usr/share/texlive/texmf-dist/tex/latex/amsfonts/amssymb.sty
Package: amssymb 2013/01/14 v3.01 AMS font symbols
(/usr/share/texlive/texmf-dist/tex/latex/amsfonts/amsfonts.sty
Package: amsfonts 2013/01/14 v3.01 Basic AMSFonts support
\symAMSa=\mathgroup4
\symAMSb=\mathgroup5
LaTeX Font Info:    Redeclaring math symbol \hbar on input line 98.
LaTeX Font Info:    Overwriting math alphabet `\mathfrak' in version `bold'
(Font)                  U/euf/m/n --> U/euf/b/n on input line 106.
)) (/usr/share/texmf/tex/latex/lm/lmodern.sty
Package: lmodern 2009/10/30 v1.6 Latin Modern Fonts
LaTeX Font Info:    Overwriting symbol font `operators' in version `normal'
(Font)                  OT1/cmr/m/n --> OT1/lmr/m/n on input line 22.
LaTeX Font Info:    Overwriting symbol font `letters' in version `normal'
(Font)                  OML/cmm/m/it --> OML/lmm/m/it on input line 23.
LaTeX Font Info:    Overwriting symbol font `symbols' in version `normal'
(Font)                  OMS/cmsy/m/n --> OMS/lmsy/m/n on input line 24.
LaTeX Font Info:    Overwriting symbol font `largesymbols' in version `normal'
(Font)                  OMX/cmex/m/n --> OMX/lmex/m/n on input line 25.
LaTeX Font Info:    Overwriting symbol font `operators' in version `bold'
(Font)                  OT1/cmr/bx/n --> OT1/lmr/bx/n on input line 26.
LaTeX Font Info:    Overwriting symbol font `letters' in version `bold'
(Font)                  OML/cmm/b/it --> OML/lmm/b/it on input line 27.
LaTeX Font Info:    Overwriting symbol font `symbols' in version `bold'
(Font)                  OMS/cmsy/b/n --> OMS/lmsy/b/n on input line 28.
LaTeX Font Info:    Overwriting symbol font `largesymbols' in version `bold'
(Font)                  OMX/cmex/m/n --> OMX/lmex/m/n on input line 29.
LaTeX Font Info:    Overwriting math alphabet `\mathbf' in version `normal'
(Font)                  OT1/cmr/bx/n --> OT1/lmr/bx/n on input line 31.
LaTeX Font Info:    Overwriting math alphabet `\mathsf' in version `normal'
(Font)                  OT1/cmss/m/n --> OT1/lmss/m/n on input line 32.
LaTeX Font Info:    Overwriting math alphabet `\mathit' in version `normal'
(Font)                  OT1/cmr/m/it --> OT1/lmr/m/it on input line 33.
LaTeX Font Info:    Overwriting math alphabet `\mathtt' in version `normal'
(Font)                  OT1/cmtt/m/n --> OT1/lmtt/m/n on input line 34.
LaTeX Font Info:    Overwriting math alphabet `\mathbf' in version `bold'
(Font)                  OT1/cmr/bx/n --> OT1/lmr/bx/n on input line 35.
LaTeX Font Info:    Overwriting math alphabet `\mathsf' in version `bold'
(Font)                  OT1/cmss/bx/n --> OT1/lmss/bx/n on input line 36.
LaTeX Font Info:    Overwriting math alphabet `\mathit' in version `bold'
(Font)                  OT1/cmr/bx/it --> OT1/lmr/bx/it on input line 37.
LaTeX Font Info:    Overwriting math alphabet `\mathtt' in version `bold'
(Font)                  OT1/cmtt/m/n --> OT1/lmtt/m/n on input line 38.
) (/usr/share/texlive/texmf-dist/tex/generic/iftex/ifxetex.sty
Package: ifxetex 2019/10/25 v0.7 ifxetex legacy package. Use iftex instead.
(/usr/share/texlive/texmf-dist/tex/generic/iftex/iftex.sty
Package: iftex 2019/11/07 v1.0c TeX engine tests
)) (/usr/share/texlive/texmf-dist/tex/generic/iftex/ifluatex.sty
Package: ifluatex 2019/10/25 v1.5 ifluatex legacy package. Use iftex instead.
) (/usr/share/texlive/texmf-dist/tex/latex/base/fontenc.sty
Package: fontenc 2020/02/11 v2.0o Standard LaTeX package
LaTeX Font Info:    Trying to load font information for T1+lmr on input line 11
2.
(/usr/share/texmf/tex/latex/lm/t1lmr.fd
File: t1lmr.fd 2009/10/30 v1.6 Font defs for Latin Modern
)) (/usr/share/texlive/texmf-dist/tex/latex/base/inputenc.sty
Package: inputenc 2018/08/11 v1.3c Input encoding file
\inpenc@prehook=\toks19
\inpenc@posthook=\toks20
) (/usr/share/texlive/texmf-dist/tex/latex/base/textcomp.sty
Package: textcomp 2020/02/02 v2.0n Standard LaTeX package
) (/usr/share/texlive/texmf-dist/tex/latex/upquote/upquote.sty
Package: upquote 2012/04/19 v1.3 upright-quote and grave-accent glyphs in verba
tim
) (/usr/share/texlive/texmf-dist/tex/latex/microtype/microtype.sty
Package: microtype 2019/11/18 v2.7d Micro-typographical refinements (RS)
(/usr/share/texlive/texmf-dist/tex/latex/graphics/keyval.sty
Package: keyval 2014/10/28 v1.15 key=value parser (DPC)
\KV@toks@=\toks21
)
\MT@toks=\toks22
\MT@count=\count187
LaTeX Info: Redefining \textls on input line 790.
\MT@outer@kern=\dimen144
LaTeX Info: Redefining \textmicrotypecontext on input line 1354.
\MT@listname@count=\count188
(/usr/share/texlive/texmf-dist/tex/latex/microtype/microtype-pdftex.def
File: microtype-pdftex.def 2019/11/18 v2.7d Definitions specific to pdftex (RS)

LaTeX Info: Redefining \lsstyle on input line 914.
LaTeX Info: Redefining \lslig on input line 914.
\MT@outer@space=\skip52
)
Package microtype Info: Loading configuration file microtype.cfg.
(/usr/share/texlive/texmf-dist/tex/latex/microtype/microtype.cfg
File: microtype.cfg 2019/11/18 v2.7d microtype main configuration file (RS)
)) (/usr/share/texlive/texmf-dist/tex/latex/parskip/parskip.sty
Package: parskip 2020-01-22 v2.0d non-zero parskip adjustments
(/usr/share/texlive/texmf-dist/tex/latex/kvoptions/kvoptions.sty
Package: kvoptions 2019/11/29 v3.13 Key value format for package options (HO)
(/usr/share/texlive/texmf-dist/tex/generic/ltxcmds/ltxcmds.sty
Package: ltxcmds 2019/12/15 v1.24 LaTeX kernel commands for general use (HO)
) (/usr/share/texlive/texmf-dist/tex/generic/kvsetkeys/kvsetkeys.sty
Package: kvsetkeys 2019/12/15 v1.18 Key value parser (HO)
)) (/usr/share/texlive/texmf-dist/tex/latex/etoolbox/etoolbox.sty
Package: etoolbox 2019/09/21 v2.5h e-TeX tools for LaTeX (JAW)
\etb@tempcnta=\count189
)) (/usr/share/texlive/texmf-dist/tex/latex/xcolor/xcolor.sty
Package: xcolor 2016/05/11 v2.12 LaTeX color extensions (UK)
(/usr/share/texlive/texmf-dist/tex/latex/graphics-cfg/color.cfg
File: color.cfg 2016/01/02 v1.6 sample color configuration
)
Package xcolor Info: Driver file: pdftex.def on input line 225.
(/usr/share/texlive/texmf-dist/tex/latex/graphics-def/pdftex.def
File: pdftex.def 2018/01/08 v1.0l Graphics/color driver for pdftex
)
Package xcolor Info: Model `cmy' substituted by `cmy0' on input line 1348.
Package xcolor Info: Model `hsb' substituted by `rgb' on input line 1352.
Package xcolor Info: Model `RGB' extended on input line 1364.
Package xcolor Info: Model `HTML' substituted by `rgb' on input line 1366.
Package xcolor Info: Model `Hsb' substituted by `hsb' on input line 1367.
Package xcolor Info: Model `tHsb' substituted by `hsb' on input line 1368.
Package xcolor Info: Model `HSB' substituted by `hsb' on input line 1369.
Package xcolor Info: Model `Gray' substituted by `gray' on input line 1370.
Package xcolor Info: Model `wave' substituted by `hsb' on input line 1371.
) (/usr/share/texlive/texmf-dist/tex/latex/xurl/xurl.sty
Package: xurl 2020/01/24 v 0.09 modify URL breaks
(/usr/share/texlive/texmf-dist/tex/latex/url/url.sty
\Urlmuskip=\muskip17
Package: url 2013/09/16  ver 3.4  Verb mode for urls, etc.
)) (/usr/share/texlive/texmf-dist/tex/latex/bookmark/bookmark.sty
Package: bookmark 2019/12/03 v1.28 PDF bookmarks (HO)
(/usr/share/texlive/texmf-dist/tex/latex/hyperref/hyperref.sty
Package: hyperref 2020/01/14 v7.00d Hypertext links for LaTeX
(/usr/share/texlive/texmf-dist/tex/latex/pdftexcmds/pdftexcmds.sty
Package: pdftexcmds 2019/11/24 v0.31 Utility functions of pdfTeX for LuaTeX (HO
)
(/usr/share/texlive/texmf-dist/tex/generic/infwarerr/infwarerr.sty
Package: infwarerr 2019/12/03 v1.5 Providing info/warning/error messages (HO)
)
Package pdftexcmds Info: \pdf@primitive is available.
Package pdftexcmds Info: \pdf@ifprimitive is available.
Package pdftexcmds Info: \pdfdraftmode found.
) (/usr/share/texlive/texmf-dist/tex/generic/kvdefinekeys/kvdefinekeys.sty
Package: kvdefinekeys 2019-12-19 v1.6 Define keys (HO)
) (/usr/share/texlive/texmf-dist/tex/generic/pdfescape/pdfescape.sty
Package: pdfescape 2019/12/09 v1.15 Implements pdfTeX's escape features (HO)
) (/usr/share/texlive/texmf-dist/tex/latex/hycolor/hycolor.sty
Package: hycolor 2020-01-27 v1.10 Color options for hyperref/bookmark (HO)
) (/usr/share/texlive/texmf-dist/tex/latex/letltxmacro/letltxmacro.sty
Package: letltxmacro 2019/12/03 v1.6 Let assignment for LaTeX macros (HO)
) (/usr/share/texlive/texmf-dist/tex/latex/auxhook/auxhook.sty
Package: auxhook 2019-12-17 v1.6 Hooks for auxiliary files (HO)
)
\@linkdim=\dimen145
\Hy@linkcounter=\count190
\Hy@pagecounter=\count191
(/usr/share/texlive/texmf-dist/tex/latex/hyperref/pd1enc.def
File: pd1enc.def 2020/01/14 v7.00d Hyperref: PDFDocEncoding definition (HO)
Now handling font encoding PD1 ...
... no UTF-8 mapping file for font encoding PD1
) (/usr/share/texlive/texmf-dist/tex/generic/intcalc/intcalc.sty
Package: intcalc 2019/12/15 v1.3 Expandable calculations with integers (HO)
) (/usr/share/texlive/texmf-dist/tex/generic/etexcmds/etexcmds.sty
Package: etexcmds 2019/12/15 v1.7 Avoid name clashes with e-TeX commands (HO)
)
\Hy@SavedSpaceFactor=\count192
\pdfmajorversion=\count193
Package hyperref Info: Option `unicode' set `true' on input line 4421.
(/usr/share/texlive/texmf-dist/tex/latex/hyperref/puenc.def
File: puenc.def 2020/01/14 v7.00d Hyperref: PDF Unicode definition (HO)
Now handling font encoding PU ...
... no UTF-8 mapping file for font encoding PU
)
Package hyperref Info: Hyper figures OFF on input line 4547.
Package hyperref Info: Link nesting OFF on input line 4552.
Package hyperref Info: Hyper index ON on input line 4555.
Package hyperref Info: Plain pages OFF on input line 4562.
Package hyperref Info: Backreferencing OFF on input line 4567.
Package hyperref Info: Implicit mode ON; LaTeX internals redefined.
Package hyperref Info: Bookmarks ON on input line 4800.
\c@Hy@tempcnt=\count194
LaTeX Info: Redefining \url on input line 5159.
\XeTeXLinkMargin=\dimen146
(/usr/share/texlive/texmf-dist/tex/generic/bitset/bitset.sty
Package: bitset 2019/12/09 v1.3 Handle bit-vector datatype (HO)
(/usr/share/texlive/texmf-dist/tex/generic/bigintcalc/bigintcalc.sty
Package: bigintcalc 2019/12/15 v1.5 Expandable calculations on big integers (HO
)
))
\Fld@menulength=\count195
\Field@Width=\dimen147
\Fld@charsize=\dimen148
Package hyperref Info: Hyper figures OFF on input line 6430.
Package hyperref Info: Link nesting OFF on input line 6435.
Package hyperref Info: Hyper index ON on input line 6438.
Package hyperref Info: backreferencing OFF on input line 6445.
Package hyperref Info: Link coloring OFF on input line 6450.
Package hyperref Info: Link coloring with OCG OFF on input line 6455.
Package hyperref Info: PDF/A mode OFF on input line 6460.
LaTeX Info: Redefining \ref on input line 6500.
LaTeX Info: Redefining \pageref on input line 6504.
(/usr/share/texlive/texmf-dist/tex/generic/atbegshi/atbegshi.sty
Package: atbegshi 2019/12/05 v1.19 At begin shipout hook (HO)
)
\Hy@abspage=\count196
\c@Item=\count197
\c@Hfootnote=\count198
)
Package hyperref Info: Driver (autodetected): hpdftex.
(/usr/share/texlive/texmf-dist/tex/latex/hyperref/hpdftex.def
File: hpdftex.def 2020/01/14 v7.00d Hyperref driver for pdfTeX
(/usr/share/texlive/texmf-dist/tex/latex/atveryend/atveryend.sty
Package: atveryend 2019-12-11 v1.11 Hooks at the very end of document (HO)
)
\Fld@listcount=\count199
\c@bookmark@seq@number=\count266
(/usr/share/texlive/texmf-dist/tex/latex/rerunfilecheck/rerunfilecheck.sty
Package: rerunfilecheck 2019/12/05 v1.9 Rerun checks for auxiliary files (HO)
(/usr/share/texlive/texmf-dist/tex/generic/uniquecounter/uniquecounter.sty
Package: uniquecounter 2019/12/15 v1.4 Provide unlimited unique counter (HO)
)
Package uniquecounter Info: New unique counter `rerunfilecheck' on input line 2
86.
)
\Hy@SectionHShift=\skip53
) (/usr/share/texlive/texmf-dist/tex/latex/bookmark/bkm-pdftex.def
File: bkm-pdftex.def 2019/12/03 v1.28 bookmark driver for pdfTeX (HO)
\BKM@id=\count267
)) (/usr/share/texlive/texmf-dist/tex/latex/geometry/geometry.sty
Package: geometry 2020/01/02 v5.9 Page Geometry
(/usr/share/texlive/texmf-dist/tex/generic/iftex/ifvtex.sty
Package: ifvtex 2019/10/25 v1.7 ifvtex legacy package. Use iftex instead.
)
\Gm@cnth=\count268
\Gm@cntv=\count269
\c@Gm@tempcnt=\count270
\Gm@bindingoffset=\dimen149
\Gm@wd@mp=\dimen150
\Gm@odd@mp=\dimen151
\Gm@even@mp=\dimen152
\Gm@layoutwidth=\dimen153
\Gm@layoutheight=\dimen154
\Gm@layouthoffset=\dimen155
\Gm@layoutvoffset=\dimen156
\Gm@dimlist=\toks23
) (/usr/share/texlive/texmf-dist/tex/latex/graphics/graphicx.sty
Package: graphicx 2019/11/30 v1.2a Enhanced LaTeX Graphics (DPC,SPQR)
(/usr/share/texlive/texmf-dist/tex/latex/graphics/graphics.sty
Package: graphics 2019/11/30 v1.4a Standard LaTeX Graphics (DPC,SPQR)
(/usr/share/texlive/texmf-dist/tex/latex/graphics/trig.sty
Package: trig 2016/01/03 v1.10 sin cos tan (DPC)
) (/usr/share/texlive/texmf-dist/tex/latex/graphics-cfg/graphics.cfg
File: graphics.cfg 2016/06/04 v1.11 sample graphics configuration
)
Package graphics Info: Driver file: pdftex.def on input line 105.
)
\Gin@req@height=\dimen157
\Gin@req@width=\dimen158
) (/usr/share/texlive/texmf-dist/tex/latex/l3backend/l3backend-pdfmode.def
File: l3backend-pdfmode.def 2020-02-03 L3 backend support: PDF mode
\l__kernel_color_stack_int=\count271
\l__pdf_internal_box=\box47
)
No file ed_fig_1_knit.aux.
\openout1 = `ed_fig_1_knit.aux'.

LaTeX Font Info:    Checking defaults for OML/cmm/m/it on input line 69.
LaTeX Font Info:    ... okay on input line 69.
LaTeX Font Info:    Checking defaults for OMS/cmsy/m/n on input line 69.
LaTeX Font Info:    ... okay on input line 69.
LaTeX Font Info:    Checking defaults for OT1/cmr/m/n on input line 69.
LaTeX Font Info:    ... okay on input line 69.
LaTeX Font Info:    Checking defaults for T1/cmr/m/n on input line 69.
LaTeX Font Info:    ... okay on input line 69.
LaTeX Font Info:    Checking defaults for TS1/cmr/m/n on input line 69.
LaTeX Font Info:    ... okay on input line 69.
LaTeX Font Info:    Checking defaults for OMX/cmex/m/n on input line 69.
LaTeX Font Info:    ... okay on input line 69.
LaTeX Font Info:    Checking defaults for U/cmr/m/n on input line 69.
LaTeX Font Info:    ... okay on input line 69.
LaTeX Font Info:    Checking defaults for PD1/pdf/m/n on input line 69.
LaTeX Font Info:    ... okay on input line 69.
LaTeX Font Info:    Checking defaults for PU/pdf/m/n on input line 69.
LaTeX Font Info:    ... okay on input line 69.
LaTeX Info: Redefining \microtypecontext on input line 69.
Package microtype Info: Generating PDF output.
Package microtype Info: Character protrusion enabled (level 2).
Package microtype Info: Using protrusion set `basicmath'.
Package microtype Info: Automatic font expansion enabled (level 2),
(microtype)             stretch: 20, shrink: 20, step: 1, non-selected.
Package microtype Info: Using default expansion set `basictext'.
LaTeX Info: Redefining \showhyphens on input line 69.
Package microtype Info: No adjustment of tracking.
Package microtype Info: No adjustment of interword spacing.
Package microtype Info: No adjustment of character kerning.
(/usr/share/texlive/texmf-dist/tex/latex/microtype/mt-cmr.cfg
File: mt-cmr.cfg 2013/05/19 v2.2 microtype config. file: Computer Modern Roman 
(RS)
) (/usr/share/texlive/texmf-dist/tex/context/base/mkii/supp-pdf.mkii
[Loading MPS to PDF converter (version 2006.09.02).]
\scratchcounter=\count272
\scratchdimen=\dimen159
\scratchbox=\box48
\nofMPsegments=\count273
\nofMParguments=\count274
\everyMPshowfont=\toks24
\MPscratchCnt=\count275
\MPscratchDim=\dimen160
\MPnumerator=\count276
\makeMPintoPDFobject=\count277
\everyMPtoPDFconversion=\toks25
) (/usr/share/texlive/texmf-dist/tex/latex/epstopdf-pkg/epstopdf-base.sty
Package: epstopdf-base 2020-01-24 v2.11 Base part for package epstopdf
Package epstopdf-base Info: Redefining graphics rule for `.eps' on input line 4
85.
(/usr/share/texlive/texmf-dist/tex/latex/latexconfig/epstopdf-sys.cfg
File: epstopdf-sys.cfg 2010/07/13 v1.3 Configuration of (r)epstopdf for TeX Liv
e
))
\AtBeginShipoutBox=\box49
Package hyperref Info: Link coloring OFF on input line 69.
(/usr/share/texlive/texmf-dist/tex/latex/hyperref/nameref.sty
Package: nameref 2019/09/16 v2.46 Cross-referencing by name of section
(/usr/share/texlive/texmf-dist/tex/latex/refcount/refcount.sty
Package: refcount 2019/12/15 v3.6 Data extraction from label references (HO)
) (/usr/share/texlive/texmf-dist/tex/generic/gettitlestring/gettitlestring.sty
Package: gettitlestring 2019/12/15 v1.6 Cleanup title references (HO)
)
\c@section@level=\count278
)
LaTeX Info: Redefining \ref on input line 69.
LaTeX Info: Redefining \pageref on input line 69.
LaTeX Info: Redefining \nameref on input line 69.
*geometry* driver: auto-detecting
*geometry* detected driver: pdftex
*geometry* verbose mode - [ preamble ] result:
* driver: pdftex
* paper: <default>
* layout: <same size as paper>
* layoutoffset:(h,v)=(0.0pt,0.0pt)
* modes: 
* h-part:(L,W,R)=(72.26999pt, 469.75502pt, 72.26999pt)
* v-part:(T,H,B)=(72.26999pt, 650.43001pt, 72.26999pt)
* \paperwidth=614.295pt
* \paperheight=794.96999pt
* \textwidth=469.75502pt
* \textheight=650.43001pt
* \oddsidemargin=0.0pt
* \evensidemargin=0.0pt
* \topmargin=-37.0pt
* \headheight=12.0pt
* \headsep=25.0pt
* \topskip=10.0pt
* \footskip=30.0pt
* \marginparwidth=65.0pt
* \marginparsep=11.0pt
* \columnsep=10.0pt
* \skip\footins=9.0pt plus 4.0pt minus 2.0pt
* \hoffset=0.0pt
* \voffset=0.0pt
* \mag=1000
* \@twocolumnfalse
* \@twosidefalse
* \@mparswitchfalse
* \@reversemarginfalse
* (1in=72.27pt=25.4mm, 1cm=28.453pt)

LaTeX Font Info:    Trying to load font information for OT1+lmr on input line 7
1.
(/usr/share/texmf/tex/latex/lm/ot1lmr.fd
File: ot1lmr.fd 2009/10/30 v1.6 Font defs for Latin Modern
)
LaTeX Font Info:    Trying to load font information for OML+lmm on input line 7
1.
(/usr/share/texmf/tex/latex/lm/omllmm.fd
File: omllmm.fd 2009/10/30 v1.6 Font defs for Latin Modern
)
LaTeX Font Info:    Trying to load font information for OMS+lmsy on input line 
71.
(/usr/share/texmf/tex/latex/lm/omslmsy.fd
File: omslmsy.fd 2009/10/30 v1.6 Font defs for Latin Modern
)
LaTeX Font Info:    Trying to load font information for OMX+lmex on input line 
71.
(/usr/share/texmf/tex/latex/lm/omxlmex.fd
File: omxlmex.fd 2009/10/30 v1.6 Font defs for Latin Modern
)
LaTeX Font Info:    External font `lmex10' loaded for size
(Font)              <12> on input line 71.
LaTeX Font Info:    External font `lmex10' loaded for size
(Font)              <8> on input line 71.
LaTeX Font Info:    External font `lmex10' loaded for size
(Font)              <6> on input line 71.
LaTeX Font Info:    Trying to load font information for U+msa on input line 71.

(/usr/share/texlive/texmf-dist/tex/latex/amsfonts/umsa.fd
File: umsa.fd 2013/01/14 v3.01 AMS symbols A
) (/usr/share/texlive/texmf-dist/tex/latex/microtype/mt-msa.cfg
File: mt-msa.cfg 2006/02/04 v1.1 microtype config. file: AMS symbols (a) (RS)
)
LaTeX Font Info:    Trying to load font information for U+msb on input line 71.

(/usr/share/texlive/texmf-dist/tex/latex/amsfonts/umsb.fd
File: umsb.fd 2013/01/14 v3.01 AMS symbols B
) (/usr/share/texlive/texmf-dist/tex/latex/microtype/mt-msb.cfg
File: mt-msb.cfg 2005/06/01 v1.0 microtype config. file: AMS symbols (b) (RS)
)
\tf@toc=\write3
\openout3 = `ed_fig_1_knit.toc'.

LaTeX Font Info:    External font `lmex10' loaded for size
(Font)              <10> on input line 87.
LaTeX Font Info:    External font `lmex10' loaded for size
(Font)              <7> on input line 87.
LaTeX Font Info:    External font `lmex10' loaded for size
(Font)              <5> on input line 87.
</home/rayner/food-systems/_analysis/figures/extended_data/output/ed_fig_1_png/
bana_crop_final.png, id=4, 1156.32pt x 1300.86pt>
File: /home/rayner/food-systems/_analysis/figures/extended_data/output/ed_fig_1
_png/bana_crop_final.png Graphic file (type png)
<use /home/rayner/food-systems/_analysis/figures/extended_data/output/ed_fig_1_
png/bana_crop_final.png>
Package pdftex.def Info: /home/rayner/food-systems/_analysis/figures/extended_d
ata/output/ed_fig_1_png/bana_crop_final.png  used on input line 101.
(pdftex.def)             Requested size: 469.75385pt x 528.47308pt.

Overfull \hbox (60.50484pt too wide) in paragraph at lines 101--102
 []\T1/lmr/bx/n/10 1) Ba-nana[] [] 
 []

[1

{/var/lib/texmf/fonts/map/pdftex/updmap/pdftex.map}]
</home/rayner/food-systems/_analysis/figures/extended_data/output/ed_fig_1_png/
barl_crop_final.png, id=19, 1156.32pt x 1300.86pt>
File: /home/rayner/food-systems/_analysis/figures/extended_data/output/ed_fig_1
_png/barl_crop_final.png Graphic file (type png)
<use /home/rayner/food-systems/_analysis/figures/extended_data/output/ed_fig_1_
png/barl_crop_final.png>
Package pdftex.def Info: /home/rayner/food-systems/_analysis/figures/extended_d
ata/output/ed_fig_1_png/barl_crop_final.png  used on input line 108.
(pdftex.def)             Requested size: 469.75385pt x 528.47308pt.

Overfull \hbox (55.81783pt too wide) in paragraph at lines 108--109
 []\T1/lmr/bx/n/10 2) Bar-ley[] [] 
 []

[2 </home/rayner/food-systems/_analysis/figures/extended_data/output/ed_fig_1_p
ng/bana_crop_final.png (PNG copy)>]
</home/rayner/food-systems/_analysis/figures/extended_data/output/ed_fig_1_png/
cass_crop_final.png, id=26, 1156.32pt x 1300.86pt>
File: /home/rayner/food-systems/_analysis/figures/extended_data/output/ed_fig_1
_png/cass_crop_final.png Graphic file (type png)
<use /home/rayner/food-systems/_analysis/figures/extended_data/output/ed_fig_1_
png/cass_crop_final.png>
Package pdftex.def Info: /home/rayner/food-systems/_analysis/figures/extended_d
ata/output/ed_fig_1_png/cass_crop_final.png  used on input line 115.
(pdftex.def)             Requested size: 469.75385pt x 528.47308pt.

Overfull \hbox (62.03549pt too wide) in paragraph at lines 115--116
 []\T1/lmr/bx/n/10 3) Cas-sava[] [] 
 []

[3 </home/rayner/food-systems/_analysis/figures/extended_data/output/ed_fig_1_p
ng/barl_crop_final.png (PNG copy)>]
</home/rayner/food-systems/_analysis/figures/extended_data/output/ed_fig_1_png/
cnut_crop_final.png, id=33, 1156.32pt x 1300.86pt>
File: /home/rayner/food-systems/_analysis/figures/extended_data/output/ed_fig_1
_png/cnut_crop_final.png Graphic file (type png)
<use /home/rayner/food-systems/_analysis/figures/extended_data/output/ed_fig_1_
png/cnut_crop_final.png>
Package pdftex.def Info: /home/rayner/food-systems/_analysis/figures/extended_d
ata/output/ed_fig_1_png/cnut_crop_final.png  used on input line 122.
(pdftex.def)             Requested size: 469.75385pt x 528.47308pt.

Overfull \hbox (64.94328pt too wide) in paragraph at lines 122--123
 []\T1/lmr/bx/n/10 4) Co-conut[] [] 
 []

[4 </home/rayner/food-systems/_analysis/figures/extended_data/output/ed_fig_1_p
ng/cass_crop_final.png (PNG copy)>]
</home/rayner/food-systems/_analysis/figures/extended_data/output/ed_fig_1_png/
coco_crop_final.png, id=40, 1156.32pt x 1300.86pt>
File: /home/rayner/food-systems/_analysis/figures/extended_data/output/ed_fig_1
_png/coco_crop_final.png Graphic file (type png)
<use /home/rayner/food-systems/_analysis/figures/extended_data/output/ed_fig_1_
png/coco_crop_final.png>
Package pdftex.def Info: /home/rayner/food-systems/_analysis/figures/extended_d
ata/output/ed_fig_1_png/coco_crop_final.png  used on input line 129.
(pdftex.def)             Requested size: 469.75385pt x 528.47308pt.

Overfull \hbox (53.60272pt too wide) in paragraph at lines 129--130
 []\T1/lmr/bx/n/10 5) Co-coa[] [] 
 []

[5 </home/rayner/food-systems/_analysis/figures/extended_data/output/ed_fig_1_p
ng/cnut_crop_final.png (PNG copy)>]
</home/rayner/food-systems/_analysis/figures/extended_data/output/ed_fig_1_png/
fodd_crop_final.png, id=47, 1156.32pt x 1300.86pt>
File: /home/rayner/food-systems/_analysis/figures/extended_data/output/ed_fig_1
_png/fodd_crop_final.png Graphic file (type png)
<use /home/rayner/food-systems/_analysis/figures/extended_data/output/ed_fig_1_
png/fodd_crop_final.png>
Package pdftex.def Info: /home/rayner/food-systems/_analysis/figures/extended_d
ata/output/ed_fig_1_png/fodd_crop_final.png  used on input line 136.
(pdftex.def)             Requested size: 469.75385pt x 528.47308pt.

Overfull \hbox (57.90845pt too wide) in paragraph at lines 136--137
 []\T1/lmr/bx/n/10 6) Fod-der[] [] 
 []

[6 </home/rayner/food-systems/_analysis/figures/extended_data/output/ed_fig_1_p
ng/coco_crop_final.png (PNG copy)>]
</home/rayner/food-systems/_analysis/figures/extended_data/output/ed_fig_1_png/
maiz_crop_final.png, id=54, 1156.32pt x 1300.86pt>
File: /home/rayner/food-systems/_analysis/figures/extended_data/output/ed_fig_1
_png/maiz_crop_final.png Graphic file (type png)
<use /home/rayner/food-systems/_analysis/figures/extended_data/output/ed_fig_1_
png/maiz_crop_final.png>
Package pdftex.def Info: /home/rayner/food-systems/_analysis/figures/extended_d
ata/output/ed_fig_1_png/maiz_crop_final.png  used on input line 143.
(pdftex.def)             Requested size: 469.75385pt x 528.47308pt.

Overfull \hbox (52.85982pt too wide) in paragraph at lines 143--144
 []\T1/lmr/bx/n/10 7) Maize[] [] 
 []

[7 </home/rayner/food-systems/_analysis/figures/extended_data/output/ed_fig_1_p
ng/fodd_crop_final.png (PNG copy)>]
</home/rayner/food-systems/_analysis/figures/extended_data/output/ed_fig_1_png/
ocer_crop_final.png, id=62, 1156.32pt x 1300.86pt>
File: /home/rayner/food-systems/_analysis/figures/extended_data/output/ed_fig_1
_png/ocer_crop_final.png Graphic file (type png)
<use /home/rayner/food-systems/_analysis/figures/extended_data/output/ed_fig_1_
png/ocer_crop_final.png>
Package pdftex.def Info: /home/rayner/food-systems/_analysis/figures/extended_d
ata/output/ed_fig_1_png/ocer_crop_final.png  used on input line 150.
(pdftex.def)             Requested size: 469.75385pt x 528.47308pt.

Overfull \hbox (88.54836pt too wide) in paragraph at lines 150--151
 []\T1/lmr/bx/n/10 8) Other ce-re-als[] [] 
 []

[8 </home/rayner/food-systems/_analysis/figures/extended_data/output/ed_fig_1_p
ng/maiz_crop_final.png (PNG copy)>]
</home/rayner/food-systems/_analysis/figures/extended_data/output/ed_fig_1_png/
oilp_crop_final.png, id=69, 1156.32pt x 1300.86pt>
File: /home/rayner/food-systems/_analysis/figures/extended_data/output/ed_fig_1
_png/oilp_crop_final.png Graphic file (type png)
<use /home/rayner/food-systems/_analysis/figures/extended_data/output/ed_fig_1_
png/oilp_crop_final.png>
Package pdftex.def Info: /home/rayner/food-systems/_analysis/figures/extended_d
ata/output/ed_fig_1_png/oilp_crop_final.png  used on input line 157.
(pdftex.def)             Requested size: 469.75385pt x 528.47308pt.

Overfull \hbox (62.56087pt too wide) in paragraph at lines 157--158
 []\T1/lmr/bx/n/10 9) Oil-palm[] [] 
 []

[9 </home/rayner/food-systems/_analysis/figures/extended_data/output/ed_fig_1_p
ng/ocer_crop_final.png (PNG copy)>]
</home/rayner/food-systems/_analysis/figures/extended_data/output/ed_fig_1_png/
orts_crop_final.png, id=76, 1156.32pt x 1300.86pt>
File: /home/rayner/food-systems/_analysis/figures/extended_data/output/ed_fig_1
_png/orts_crop_final.png Graphic file (type png)
<use /home/rayner/food-systems/_analysis/figures/extended_data/output/ed_fig_1_
png/orts_crop_final.png>
Package pdftex.def Info: /home/rayner/food-systems/_analysis/figures/extended_d
ata/output/ed_fig_1_png/orts_crop_final.png  used on input line 164.
(pdftex.def)             Requested size: 469.75385pt x 528.47308pt.

Overfull \hbox (86.15227pt too wide) in paragraph at lines 164--165
 []\T1/lmr/bx/n/10 10) Other roots[] [] 
 []

[10 </home/rayner/food-systems/_analysis/figures/extended_data/output/ed_fig_1_
png/oilp_crop_final.png (PNG copy)>]
</home/rayner/food-systems/_analysis/figures/extended_data/output/ed_fig_1_png/
plnt_crop_final.png, id=83, 1156.32pt x 1300.86pt>
File: /home/rayner/food-systems/_analysis/figures/extended_data/output/ed_fig_1
_png/plnt_crop_final.png Graphic file (type png)
<use /home/rayner/food-systems/_analysis/figures/extended_data/output/ed_fig_1_
png/plnt_crop_final.png>
Package pdftex.def Info: /home/rayner/food-systems/_analysis/figures/extended_d
ata/output/ed_fig_1_png/plnt_crop_final.png  used on input line 171.
(pdftex.def)             Requested size: 469.75385pt x 528.47308pt.

Overfull \hbox (70.88689pt too wide) in paragraph at lines 171--172
 []\T1/lmr/bx/n/10 11) Plan-tain[] [] 
 []

[11 </home/rayner/food-systems/_analysis/figures/extended_data/output/ed_fig_1_
png/orts_crop_final.png (PNG copy)>]
</home/rayner/food-systems/_analysis/figures/extended_data/output/ed_fig_1_png/
pota_crop_final.png, id=90, 1156.32pt x 1300.86pt>
File: /home/rayner/food-systems/_analysis/figures/extended_data/output/ed_fig_1
_png/pota_crop_final.png Graphic file (type png)
<use /home/rayner/food-systems/_analysis/figures/extended_data/output/ed_fig_1_
png/pota_crop_final.png>
Package pdftex.def Info: /home/rayner/food-systems/_analysis/figures/extended_d
ata/output/ed_fig_1_png/pota_crop_final.png  used on input line 178.
(pdftex.def)             Requested size: 469.75385pt x 528.47308pt.

Overfull \hbox (62.10182pt too wide) in paragraph at lines 178--179
 []\T1/lmr/bx/n/10 12) Potato[] [] 
 []

[12 </home/rayner/food-systems/_analysis/figures/extended_data/output/ed_fig_1_
png/plnt_crop_final.png (PNG copy)>]
</home/rayner/food-systems/_analysis/figures/extended_data/output/ed_fig_1_png/
rice_crop_final.png, id=97, 1156.32pt x 1300.86pt>
File: /home/rayner/food-systems/_analysis/figures/extended_data/output/ed_fig_1
_png/rice_crop_final.png Graphic file (type png)
<use /home/rayner/food-systems/_analysis/figures/extended_data/output/ed_fig_1_
png/rice_crop_final.png>
Package pdftex.def Info: /home/rayner/food-systems/_analysis/figures/extended_d
ata/output/ed_fig_1_png/rice_crop_final.png  used on input line 185.
(pdftex.def)             Requested size: 469.75385pt x 528.47308pt.

Overfull \hbox (50.72781pt too wide) in paragraph at lines 185--186
 []\T1/lmr/bx/n/10 13) Rice[] [] 
 []

[13 </home/rayner/food-systems/_analysis/figures/extended_data/output/ed_fig_1_
png/pota_crop_final.png (PNG copy)>]
</home/rayner/food-systems/_analysis/figures/extended_data/output/ed_fig_1_png/
sorg_crop_final.png, id=105, 1156.32pt x 1300.86pt>
File: /home/rayner/food-systems/_analysis/figures/extended_data/output/ed_fig_1
_png/sorg_crop_final.png Graphic file (type png)
<use /home/rayner/food-systems/_analysis/figures/extended_data/output/ed_fig_1_
png/sorg_crop_final.png>
Package pdftex.def Info: /home/rayner/food-systems/_analysis/figures/extended_d
ata/output/ed_fig_1_png/sorg_crop_final.png  used on input line 192.
(pdftex.def)             Requested size: 469.75385pt x 528.47308pt.

Overfull \hbox (73.19287pt too wide) in paragraph at lines 192--193
 []\T1/lmr/bx/n/10 14) Sorghum[] [] 
 []

[14 </home/rayner/food-systems/_analysis/figures/extended_data/output/ed_fig_1_
png/rice_crop_final.png (PNG copy)>]
</home/rayner/food-systems/_analysis/figures/extended_data/output/ed_fig_1_png/
soyb_crop_final.png, id=112, 1156.32pt x 1300.86pt>
File: /home/rayner/food-systems/_analysis/figures/extended_data/output/ed_fig_1
_png/soyb_crop_final.png Graphic file (type png)
<use /home/rayner/food-systems/_analysis/figures/extended_data/output/ed_fig_1_
png/soyb_crop_final.png>
Package pdftex.def Info: /home/rayner/food-systems/_analysis/figures/extended_d
ata/output/ed_fig_1_png/soyb_crop_final.png  used on input line 199.
(pdftex.def)             Requested size: 469.75385pt x 528.47308pt.

Overfull \hbox (70.37384pt too wide) in paragraph at lines 199--200
 []\T1/lmr/bx/n/10 15) Soy-bean[] [] 
 []

[15 </home/rayner/food-systems/_analysis/figures/extended_data/output/ed_fig_1_
png/sorg_crop_final.png (PNG copy)>]
</home/rayner/food-systems/_analysis/figures/extended_data/output/ed_fig_1_png/
spis_crop_final.png, id=119, 1156.32pt x 1300.86pt>
File: /home/rayner/food-systems/_analysis/figures/extended_data/output/ed_fig_1
_png/spis_crop_final.png Graphic file (type png)
<use /home/rayner/food-systems/_analysis/figures/extended_data/output/ed_fig_1_
png/spis_crop_final.png>
Package pdftex.def Info: /home/rayner/food-systems/_analysis/figures/extended_d
ata/output/ed_fig_1_png/spis_crop_final.png  used on input line 206.
(pdftex.def)             Requested size: 469.75385pt x 528.47308pt.

Overfull \hbox (59.41682pt too wide) in paragraph at lines 206--207
 []\T1/lmr/bx/n/10 16) Spices[] [] 
 []

[16 </home/rayner/food-systems/_analysis/figures/extended_data/output/ed_fig_1_
png/soyb_crop_final.png (PNG copy)>]
</home/rayner/food-systems/_analysis/figures/extended_data/output/ed_fig_1_png/
sugb_crop_final.png, id=126, 1156.32pt x 1300.86pt>
File: /home/rayner/food-systems/_analysis/figures/extended_data/output/ed_fig_1
_png/sugb_crop_final.png Graphic file (type png)
<use /home/rayner/food-systems/_analysis/figures/extended_data/output/ed_fig_1_
png/sugb_crop_final.png>
Package pdftex.def Info: /home/rayner/food-systems/_analysis/figures/extended_d
ata/output/ed_fig_1_png/sugb_crop_final.png  used on input line 213.
(pdftex.def)             Requested size: 469.75385pt x 528.47308pt.

Overfull \hbox (79.10275pt too wide) in paragraph at lines 213--214
 []\T1/lmr/bx/n/10 17) Sug-ar-beet[] [] 
 []

[17 </home/rayner/food-systems/_analysis/figures/extended_data/output/ed_fig_1_
png/spis_crop_final.png (PNG copy)>]
</home/rayner/food-systems/_analysis/figures/extended_data/output/ed_fig_1_png/
sugc_crop_final.png, id=133, 1156.32pt x 1300.86pt>
File: /home/rayner/food-systems/_analysis/figures/extended_data/output/ed_fig_1
_png/sugc_crop_final.png Graphic file (type png)
<use /home/rayner/food-systems/_analysis/figures/extended_data/output/ed_fig_1_
png/sugc_crop_final.png>
Package pdftex.def Info: /home/rayner/food-systems/_analysis/figures/extended_d
ata/output/ed_fig_1_png/sugc_crop_final.png  used on input line 220.
(pdftex.def)             Requested size: 469.75385pt x 528.47308pt.

Overfull \hbox (79.7413pt too wide) in paragraph at lines 220--221
 []\T1/lmr/bx/n/10 18) Sug-ar-cane[] [] 
 []

[18 </home/rayner/food-systems/_analysis/figures/extended_data/output/ed_fig_1_
png/sugb_crop_final.png (PNG copy)>]
</home/rayner/food-systems/_analysis/figures/extended_data/output/ed_fig_1_png/
swpo_crop_final.png, id=140, 1156.32pt x 1300.86pt>
File: /home/rayner/food-systems/_analysis/figures/extended_data/output/ed_fig_1
_png/swpo_crop_final.png Graphic file (type png)
<use /home/rayner/food-systems/_analysis/figures/extended_data/output/ed_fig_1_
png/swpo_crop_final.png>
Package pdftex.def Info: /home/rayner/food-systems/_analysis/figures/extended_d
ata/output/ed_fig_1_png/swpo_crop_final.png  used on input line 227.
(pdftex.def)             Requested size: 469.75385pt x 528.47308pt.

Overfull \hbox (93.2138pt too wide) in paragraph at lines 227--228
 []\T1/lmr/bx/n/10 19) Sweet potato[] [] 
 []

[19 </home/rayner/food-systems/_analysis/figures/extended_data/output/ed_fig_1_
png/sugc_crop_final.png (PNG copy)>]
</home/rayner/food-systems/_analysis/figures/extended_data/output/ed_fig_1_png/
tnut_crop_final.png, id=148, 1156.32pt x 1300.86pt>
File: /home/rayner/food-systems/_analysis/figures/extended_data/output/ed_fig_1
_png/tnut_crop_final.png Graphic file (type png)
<use /home/rayner/food-systems/_analysis/figures/extended_data/output/ed_fig_1_
png/tnut_crop_final.png>
Package pdftex.def Info: /home/rayner/food-systems/_analysis/figures/extended_d
ata/output/ed_fig_1_png/tnut_crop_final.png  used on input line 234.
(pdftex.def)             Requested size: 469.75385pt x 528.47308pt.

Overfull \hbox (72.31255pt too wide) in paragraph at lines 234--235
 []\T1/lmr/bx/n/10 20) Treenuts[] [] 
 []

[20 </home/rayner/food-systems/_analysis/figures/extended_data/output/ed_fig_1_
png/swpo_crop_final.png (PNG copy)>]
</home/rayner/food-systems/_analysis/figures/extended_data/output/ed_fig_1_png/
vege_crop_final.png, id=156, 1156.32pt x 1300.86pt>
File: /home/rayner/food-systems/_analysis/figures/extended_data/output/ed_fig_1
_png/vege_crop_final.png Graphic file (type png)
<use /home/rayner/food-systems/_analysis/figures/extended_data/output/ed_fig_1_
png/vege_crop_final.png>
Package pdftex.def Info: /home/rayner/food-systems/_analysis/figures/extended_d
ata/output/ed_fig_1_png/vege_crop_final.png  used on input line 241.
(pdftex.def)             Requested size: 469.75385pt x 528.47308pt.

Overfull \hbox (82.00647pt too wide) in paragraph at lines 241--242
 []\T1/lmr/bx/n/10 21) Veg-eta-bles[] [] 
 []

[21 </home/rayner/food-systems/_analysis/figures/extended_data/output/ed_fig_1_
png/tnut_crop_final.png (PNG copy)>]
</home/rayner/food-systems/_analysis/figures/extended_data/output/ed_fig_1_png/
whea_crop_final.png, id=163, 1156.32pt x 1300.86pt>
File: /home/rayner/food-systems/_analysis/figures/extended_data/output/ed_fig_1
_png/whea_crop_final.png Graphic file (type png)
<use /home/rayner/food-systems/_analysis/figures/extended_data/output/ed_fig_1_
png/whea_crop_final.png>
Package pdftex.def Info: /home/rayner/food-systems/_analysis/figures/extended_d
ata/output/ed_fig_1_png/whea_crop_final.png  used on input line 248.
(pdftex.def)             Requested size: 469.75385pt x 528.47308pt.

Overfull \hbox (62.13733pt too wide) in paragraph at lines 248--249
 []\T1/lmr/bx/n/10 22) Wheat[] [] 
 []

[22 </home/rayner/food-systems/_analysis/figures/extended_data/output/ed_fig_1_
png/vege_crop_final.png (PNG copy)>]
</home/rayner/food-systems/_analysis/figures/extended_data/output/ed_fig_1_png/
xfru_crop_final.png, id=170, 1156.32pt x 1300.86pt>
File: /home/rayner/food-systems/_analysis/figures/extended_data/output/ed_fig_1
_png/xfru_crop_final.png Graphic file (type png)
<use /home/rayner/food-systems/_analysis/figures/extended_data/output/ed_fig_1_
png/xfru_crop_final.png>
Package pdftex.def Info: /home/rayner/food-systems/_analysis/figures/extended_d
ata/output/ed_fig_1_png/xfru_crop_final.png  used on input line 255.
(pdftex.def)             Requested size: 469.75385pt x 528.47308pt.

Overfull \hbox (58.13148pt too wide) in paragraph at lines 255--256
 []\T1/lmr/bx/n/10 23) Fruits[] [] 
 []

[23 </home/rayner/food-systems/_analysis/figures/extended_data/output/ed_fig_1_
png/whea_crop_final.png (PNG copy)>]
</home/rayner/food-systems/_analysis/figures/extended_data/output/ed_fig_1_png/
xmil_crop_final.png, id=177, 1156.32pt x 1300.86pt>
File: /home/rayner/food-systems/_analysis/figures/extended_data/output/ed_fig_1
_png/xmil_crop_final.png Graphic file (type png)
<use /home/rayner/food-systems/_analysis/figures/extended_data/output/ed_fig_1_
png/xmil_crop_final.png>
Package pdftex.def Info: /home/rayner/food-systems/_analysis/figures/extended_d
ata/output/ed_fig_1_png/xmil_crop_final.png  used on input line 262.
(pdftex.def)             Requested size: 469.75385pt x 528.47308pt.

Overfull \hbox (58.76982pt too wide) in paragraph at lines 262--263
 []\T1/lmr/bx/n/10 24) Mil-let[] [] 
 []

[24 </home/rayner/food-systems/_analysis/figures/extended_data/output/ed_fig_1_
png/xfru_crop_final.png (PNG copy)>]
</home/rayner/food-systems/_analysis/figures/extended_data/output/ed_fig_1_png/
xoil_crop_final.png, id=184, 1156.32pt x 1300.86pt>
File: /home/rayner/food-systems/_analysis/figures/extended_data/output/ed_fig_1
_png/xoil_crop_final.png Graphic file (type png)
<use /home/rayner/food-systems/_analysis/figures/extended_data/output/ed_fig_1_
png/xoil_crop_final.png>
Package pdftex.def Info: /home/rayner/food-systems/_analysis/figures/extended_d
ata/output/ed_fig_1_png/xoil_crop_final.png  used on input line 269.
(pdftex.def)             Requested size: 469.75385pt x 528.47308pt.

Overfull \hbox (101.80539pt too wide) in paragraph at lines 269--270
 []\T1/lmr/bx/n/10 25) Other oil crops[] [] 
 []

[25 </home/rayner/food-systems/_analysis/figures/extended_data/output/ed_fig_1_
png/xmil_crop_final.png (PNG copy)>]
</home/rayner/food-systems/_analysis/figures/extended_data/output/ed_fig_1_png/
xpul_crop_final.png, id=192, 1156.32pt x 1300.86pt>
File: /home/rayner/food-systems/_analysis/figures/extended_data/output/ed_fig_1
_png/xpul_crop_final.png Graphic file (type png)
<use /home/rayner/food-systems/_analysis/figures/extended_data/output/ed_fig_1_
png/xpul_crop_final.png>
Package pdftex.def Info: /home/rayner/food-systems/_analysis/figures/extended_d
ata/output/ed_fig_1_png/xpul_crop_final.png  used on input line 276.
(pdftex.def)             Requested size: 469.75385pt x 528.47308pt.

Overfull \hbox (90.90439pt too wide) in paragraph at lines 276--277
 []\T1/lmr/bx/n/10 26) Other pulses[] [] 
 []

[26 </home/rayner/food-systems/_analysis/figures/extended_data/output/ed_fig_1_
png/xoil_crop_final.png (PNG copy)>]
</home/rayner/food-systems/_analysis/figures/extended_data/output/ed_fig_1_png/
yams_crop_final.png, id=199, 1156.32pt x 1300.86pt>
File: /home/rayner/food-systems/_analysis/figures/extended_data/output/ed_fig_1
_png/yams_crop_final.png Graphic file (type png)
<use /home/rayner/food-systems/_analysis/figures/extended_data/output/ed_fig_1_
png/yams_crop_final.png>
Package pdftex.def Info: /home/rayner/food-systems/_analysis/figures/extended_d
ata/output/ed_fig_1_png/yams_crop_final.png  used on input line 283.
(pdftex.def)             Requested size: 469.75385pt x 528.47308pt.

Overfull \hbox (55.971pt too wide) in paragraph at lines 283--284
 []\T1/lmr/bx/n/10 27) Yams[] [] 
 []

[27 </home/rayner/food-systems/_analysis/figures/extended_data/output/ed_fig_1_
png/xpul_crop_final.png (PNG copy)>] [28 </home/rayner/food-systems/_analysis/f
igures/extended_data/output/ed_fig_1_png/yams_crop_final.png (PNG copy)>]
</home/rayner/food-systems/_analysis/figures/extended_data/output/ed_fig_1_png/
buffaloes_milk_final.png, id=213, 1156.32pt x 1300.86pt>
File: /home/rayner/food-systems/_analysis/figures/extended_data/output/ed_fig_1
_png/buffaloes_milk_final.png Graphic file (type png)
<use /home/rayner/food-systems/_analysis/figures/extended_data/output/ed_fig_1_
png/buffaloes_milk_final.png>
Package pdftex.def Info: /home/rayner/food-systems/_analysis/figures/extended_d
ata/output/ed_fig_1_png/buffaloes_milk_final.png  used on input line 310.
(pdftex.def)             Requested size: 469.75385pt x 528.47308pt.

Overfull \hbox (93.31181pt too wide) in paragraph at lines 310--311
 []\T1/lmr/bx/n/10 1) Buf-faloes milk[] [] 
 []

</home/rayner/food-systems/_analysis/figures/extended_data/output/ed_fig_1_png/
chickens_eggs_final.png, id=214, 1156.32pt x 1300.86pt>
File: /home/rayner/food-systems/_analysis/figures/extended_data/output/ed_fig_1
_png/chickens_eggs_final.png Graphic file (type png)
<use /home/rayner/food-systems/_analysis/figures/extended_data/output/ed_fig_1_
png/chickens_eggs_final.png>
Package pdftex.def Info: /home/rayner/food-systems/_analysis/figures/extended_d
ata/output/ed_fig_1_png/chickens_eggs_final.png  used on input line 317.
(pdftex.def)             Requested size: 469.75385pt x 528.47308pt.

Overfull \hbox (91.26596pt too wide) in paragraph at lines 317--318
 []\T1/lmr/bx/n/10 2) Chick-ens eggs[] [] 
 []

[29 </home/rayner/food-systems/_analysis/figures/extended_data/output/ed_fig_1_
png/buffaloes_milk_final.png (PNG copy)>]
! Missing endcsname inserted.
<to be read again> 
                   &
l.324 ..._fig_1_png/chickens_eggs\&meat_final.png}
                                                   
Here is how much of TeX's memory you used:
 13137 strings out of 481239
 203448 string characters out of 5920377
 471086 words of memory out of 5000000
 28047 multiletter control sequences out of 15000+600000
 578965 words of font info for 78 fonts, out of 8000000 for 9000
 1141 hyphenation exceptions out of 8191
 41i,5n,42p,812b,385s stack positions out of 5000i,500n,10000p,200000b,80000s

!  ==> Fatal error occurred, no output PDF file produced!
